<?xml version="1.0" encoding="UTF-8"?>
<!-- Generated by org.testng.reporters.JUnitReportReporter -->
<testsuite hostname="ASCINLAP60970" failures="0" tests="1" name="com.automation.testcases.TataCliqTestCases" time="62.444" errors="0" timestamp="2025-10-27T21:57:42 IST" skipped="0">
  <testcase classname="com.automation.testcases.TataCliqTestCases" name="executeExcelTests" time="62.444"/>
</testsuite> <!-- com.automation.testcases.TataCliqTestCases -->
