<?xml version="1.0" encoding="UTF-8"?>
<!-- Generated by org.testng.reporters.JUnitReportReporter -->
<testsuite hostname="ASCINLAP61408" failures="0" tests="1" name="com.automation.testcases.TataCliqTestCases" time="160.258" errors="0" timestamp="2025-10-28T15:24:43 IST" skipped="0">
  <testcase classname="com.automation.testcases.TataCliqTestCases" name="executeExcelTests" time="160.258"/>
</testsuite> <!-- com.automation.testcases.TataCliqTestCases -->
